  SkillboxServer.cpp
C:\Users\anuto\source\repos\SkillboxServer\SkillboxServer.cpp(84,29): warning C4138: "*/" найден вне комментария
C:\src\vcpkg\installed\x86-windows\include\uwebsockets\WebSocketProtocol.h(328,68): warning C4244: аргумент: преобразование "T" в "size_t", возможна потеря данных
          with
          [
              T=uint64_t
          ]
C:\src\vcpkg\installed\x86-windows\include\uwebsockets\WebSocketProtocol.h(435): message : выполняется компиляция ссылки на экземпляр шаблон функции "bool uWS::WebSocketProtocol<true,uWS::WebSocketContext<false,true>>::consumeMessage<14,uint64_t>(T,char *&,unsigned int &,uWS::WebSocketState<true> *,void *)"
          with
          [
              T=uint64_t
          ]
C:\src\vcpkg\installed\x86-windows\include\uwebsockets\WebSocketProtocol.h(435): message : выполняется компиляция ссылки на экземпляр шаблон функции "bool uWS::WebSocketProtocol<true,uWS::WebSocketContext<false,true>>::consumeMessage<14,uint64_t>(T,char *&,unsigned int &,uWS::WebSocketState<true> *,void *)"
          with
          [
              T=uint64_t
          ]
C:\src\vcpkg\installed\x86-windows\include\uwebsockets\WebSocketProtocol.h(406): message : во время компиляции функции-члена класс шаблон "void uWS::WebSocketProtocol<true,uWS::WebSocketContext<false,true>>::consume(char *,unsigned int,uWS::WebSocketState<true> *,void *)"
C:\src\vcpkg\installed\x86-windows\include\uwebsockets\WebSocketContext.h(285): message : выполняется компиляция ссылки на экземпляр шаблон функции "void uWS::WebSocketProtocol<true,uWS::WebSocketContext<false,true>>::consume(char *,unsigned int,uWS::WebSocketState<true> *,void *)"
C:\src\vcpkg\installed\x86-windows\include\uwebsockets\WebSocketContext.h(285): message : выполняется компиляция ссылки на экземпляр класс шаблон функции "uWS::WebSocketProtocol<true,uWS::WebSocketContext<false,true>>"
C:\src\vcpkg\installed\x86-windows\include\uwebsockets\WebSocketContext.h(234): message : во время компиляции функции-члена класс шаблон "uWS::WebSocketContext<false,true> *uWS::WebSocketContext<false,true>::init(void)"
C:\src\vcpkg\installed\x86-windows\include\uwebsockets\WebSocketContext.h(389): message : выполняется компиляция ссылки на экземпляр шаблон функции "uWS::WebSocketContext<false,true> *uWS::WebSocketContext<false,true>::init(void)"
C:\src\vcpkg\installed\x86-windows\include\uwebsockets\App.h(93): message : выполняется компиляция ссылки на экземпляр класс шаблон функции "uWS::WebSocketContext<false,true>"
C:\src\vcpkg\installed\x86-windows\include\uwebsockets\App.h(87): message : во время компиляции функции-члена класс шаблон "uWS::TemplatedApp<false>::~TemplatedApp(void)"
C:\Users\anuto\source\repos\SkillboxServer\SkillboxServer.cpp(93): message : выполняется компиляция ссылки на экземпляр шаблон функции "uWS::TemplatedApp<false>::~TemplatedApp(void)"
C:\Users\anuto\source\repos\SkillboxServer\SkillboxServer.cpp(49): message : выполняется компиляция ссылки на экземпляр класс шаблон функции "uWS::TemplatedApp<false>"
C:\Program Files (x86)\Microsoft Visual Studio\2019\Community\VC\Tools\MSVC\14.24.28314\include\chrono(632): message : выполняется компиляция ссылки на экземпляр класс шаблон функции "std::chrono::duration<double,std::ratio<1,1>>"
C:\Program Files (x86)\Microsoft Visual Studio\2019\Community\VC\Tools\MSVC\14.24.28314\include\chrono(178): message : выполняется компиляция ссылки на экземпляр класс шаблон функции "std::chrono::duration<__int64,std::nano>"
C:\Program Files (x86)\Microsoft Visual Studio\2019\Community\VC\Tools\MSVC\14.24.28314\include\chrono(610): message : выполняется компиляция ссылки на экземпляр класс шаблон функции "std::chrono::time_point<std::chrono::steady_clock,std::chrono::nanoseconds>"
C:\src\vcpkg\installed\x86-windows\include\uwebsockets\WebSocketProtocol.h(332,64): warning C4244: аргумент: преобразование "T" в "size_t", возможна потеря данных
          with
          [
              T=uint64_t
          ]
  SkillboxServer.vcxproj -> C:\Users\anuto\source\repos\SkillboxServer\Debug\SkillboxServer.exe
